2015-02-27 14:37:24,121 - [INFO] - from play in pool-4-thread-2 
Listening for HTTP on /0:0:0:0:0:0:0:0:9000

2015-02-27 14:38:31,150 - [INFO] - from play in play-internal-execution-context-1 
database [default] connected at jdbc:postgresql://localhost:5432/test

2015-02-27 14:38:32,783 - [INFO] - from play in play-internal-execution-context-1 
Application started (Dev)

2015-02-27 15:36:23,506 - [INFO] - from play in play-internal-execution-context-1 
database [default] connected at jdbc:postgresql://localhost:5432/test

2015-02-27 15:36:23,515 - [INFO] - from play in play-internal-execution-context-1 
Application started (Dev)

2015-02-27 15:36:42,282 - [INFO] - from play in play-internal-execution-context-1 
database [default] connected at jdbc:postgresql://localhost:5432/test

2015-02-27 15:36:42,289 - [INFO] - from play in play-internal-execution-context-1 
Application started (Dev)

2015-02-27 15:41:07,950 - [INFO] - from play in play-internal-execution-context-3 
database [default] connected at jdbc:postgresql://localhost:5432/test

2015-02-27 15:41:07,957 - [INFO] - from play in play-internal-execution-context-3 
Application started (Dev)

2015-02-27 15:41:37,709 - [INFO] - from play in play-internal-execution-context-3 
database [default] connected at jdbc:postgresql://localhost:5432/test

2015-02-27 15:41:37,714 - [INFO] - from play in play-internal-execution-context-3 
Application started (Dev)

2015-02-27 15:46:46,498 - [INFO] - from play in play-internal-execution-context-3 
database [default] connected at jdbc:postgresql://localhost:5432/test

2015-02-27 15:46:46,502 - [INFO] - from play in play-internal-execution-context-3 
Application started (Dev)

2015-02-27 15:49:47,312 - [INFO] - from play in play-internal-execution-context-3 
database [default] connected at jdbc:postgresql://localhost:5432/test

2015-02-27 15:49:47,317 - [INFO] - from play in play-internal-execution-context-3 
Application started (Dev)

2015-02-27 15:53:31,056 - [INFO] - from play in play-internal-execution-context-3 
database [default] connected at jdbc:postgresql://localhost:5432/test

2015-02-27 15:53:31,061 - [INFO] - from play in play-internal-execution-context-3 
Application started (Dev)

2015-02-27 15:53:57,459 - [INFO] - from play in play-internal-execution-context-3 
database [default] connected at jdbc:postgresql://localhost:5432/test

2015-02-27 15:53:57,465 - [INFO] - from play in play-internal-execution-context-3 
Application started (Dev)

2015-02-27 15:54:50,902 - [INFO] - from play in play-internal-execution-context-7 
database [default] connected at jdbc:postgresql://localhost:5432/test

2015-02-27 15:54:50,907 - [INFO] - from play in play-internal-execution-context-7 
Application started (Dev)

2015-02-27 15:55:47,635 - [INFO] - from play in play-internal-execution-context-8 
database [default] connected at jdbc:postgresql://localhost:5432/test

2015-02-27 15:55:47,640 - [INFO] - from play in play-internal-execution-context-8 
Application started (Dev)

2015-02-27 15:55:59,213 - [INFO] - from play in play-internal-execution-context-9 
database [default] connected at jdbc:postgresql://localhost:5432/test

2015-02-27 15:55:59,218 - [INFO] - from play in play-internal-execution-context-9 
Application started (Dev)

2015-02-27 16:04:17,193 - [INFO] - from play in play-internal-execution-context-9 
database [default] connected at jdbc:postgresql://localhost:5432/test

2015-02-27 16:04:17,198 - [INFO] - from play in play-internal-execution-context-9 
Application started (Dev)

2015-02-27 16:09:58,117 - [INFO] - from play in play-internal-execution-context-9 
database [default] connected at jdbc:postgresql://localhost:5432/test

2015-02-27 16:09:58,122 - [INFO] - from play in play-internal-execution-context-9 
Application started (Dev)

2015-02-27 16:12:13,791 - [INFO] - from play in play-internal-execution-context-9 
database [default] connected at jdbc:postgresql://localhost:5432/test

2015-02-27 16:12:13,798 - [INFO] - from play in play-internal-execution-context-9 
Application started (Dev)

2015-02-27 16:13:26,722 - [INFO] - from play in play-internal-execution-context-9 
database [default] connected at jdbc:postgresql://localhost:5432/test

2015-02-27 16:13:26,732 - [INFO] - from play in play-internal-execution-context-9 
Application started (Dev)

2015-02-27 16:13:57,810 - [INFO] - from play in play-internal-execution-context-9 
database [default] connected at jdbc:postgresql://localhost:5432/test

2015-02-27 16:13:57,815 - [INFO] - from play in play-internal-execution-context-9 
Application started (Dev)

2015-02-27 16:15:17,654 - [INFO] - from play in play-internal-execution-context-9 
database [default] connected at jdbc:postgresql://localhost:5432/test

2015-02-27 16:15:17,658 - [INFO] - from play in play-internal-execution-context-9 
Application started (Dev)

2015-02-27 16:17:03,562 - [INFO] - from play in play-internal-execution-context-9 
database [default] connected at jdbc:postgresql://localhost:5432/test

2015-02-27 16:17:03,566 - [INFO] - from play in play-internal-execution-context-9 
Application started (Dev)

2015-02-27 16:18:37,059 - [INFO] - from play in play-internal-execution-context-9 
database [default] connected at jdbc:postgresql://localhost:5432/test

2015-02-27 16:18:37,065 - [INFO] - from play in play-internal-execution-context-9 
Application started (Dev)

2015-02-27 16:19:18,766 - [INFO] - from play in play-internal-execution-context-9 
database [default] connected at jdbc:postgresql://localhost:5432/test

2015-02-27 16:19:18,770 - [INFO] - from play in play-internal-execution-context-9 
Application started (Dev)

2015-02-27 16:19:45,003 - [INFO] - from play in play-internal-execution-context-9 
database [default] connected at jdbc:postgresql://localhost:5432/test

2015-02-27 16:19:45,007 - [INFO] - from play in play-internal-execution-context-9 
Application started (Dev)

2015-02-27 16:21:04,335 - [INFO] - from play in play-internal-execution-context-9 
database [default] connected at jdbc:postgresql://localhost:5432/test

2015-02-27 16:21:04,342 - [INFO] - from play in play-internal-execution-context-9 
Application started (Dev)

2015-02-27 16:21:25,602 - [INFO] - from play in play-internal-execution-context-9 
database [default] connected at jdbc:postgresql://localhost:5432/test

2015-02-27 16:21:25,607 - [INFO] - from play in play-internal-execution-context-9 
Application started (Dev)

2015-02-27 16:23:23,473 - [INFO] - from play in play-internal-execution-context-9 
database [default] connected at jdbc:postgresql://localhost:5432/test

2015-02-27 16:23:23,478 - [INFO] - from play in play-internal-execution-context-9 
Application started (Dev)

2015-02-27 16:23:37,778 - [INFO] - from play in play-internal-execution-context-9 
database [default] connected at jdbc:postgresql://localhost:5432/test

2015-02-27 16:23:37,783 - [INFO] - from play in play-internal-execution-context-9 
Application started (Dev)

2015-02-27 16:33:32,281 - [INFO] - from play in play-internal-execution-context-9 
database [default] connected at jdbc:postgresql://localhost:5432/test

2015-02-27 16:33:32,287 - [INFO] - from play in play-internal-execution-context-9 
Application started (Dev)

2015-02-27 16:34:25,037 - [INFO] - from play in play-internal-execution-context-9 
database [default] connected at jdbc:postgresql://localhost:5432/test

2015-02-27 16:34:25,041 - [INFO] - from play in play-internal-execution-context-9 
Application started (Dev)

2015-02-27 16:34:49,153 - [INFO] - from play in play-internal-execution-context-9 
database [default] connected at jdbc:postgresql://localhost:5432/test

2015-02-27 16:34:49,158 - [INFO] - from play in play-internal-execution-context-9 
Application started (Dev)

2015-02-27 16:35:38,763 - [INFO] - from play in play-internal-execution-context-9 
database [default] connected at jdbc:postgresql://localhost:5432/test

2015-02-27 16:35:38,769 - [INFO] - from play in play-internal-execution-context-9 
Application started (Dev)

2015-02-27 16:35:50,978 - [INFO] - from play in play-internal-execution-context-9 
database [default] connected at jdbc:postgresql://localhost:5432/test

2015-02-27 16:35:50,983 - [INFO] - from play in play-internal-execution-context-9 
Application started (Dev)

2015-02-27 16:36:37,608 - [INFO] - from play in play-internal-execution-context-9 
database [default] connected at jdbc:postgresql://localhost:5432/test

2015-02-27 16:36:37,614 - [INFO] - from play in play-internal-execution-context-9 
Application started (Dev)

2015-02-27 16:36:51,153 - [INFO] - from play in play-internal-execution-context-9 
database [default] connected at jdbc:postgresql://localhost:5432/test

2015-02-27 16:36:51,158 - [INFO] - from play in play-internal-execution-context-9 
Application started (Dev)

2015-02-27 16:41:34,916 - [INFO] - from play in play-internal-execution-context-9 
database [default] connected at jdbc:postgresql://localhost:5432/test

2015-02-27 16:41:34,922 - [INFO] - from play in play-internal-execution-context-9 
Application started (Dev)

2015-02-27 16:42:06,353 - [INFO] - from play in play-internal-execution-context-9 
database [default] connected at jdbc:postgresql://localhost:5432/test

2015-02-27 16:42:06,357 - [INFO] - from play in play-internal-execution-context-9 
Application started (Dev)

2015-02-27 16:43:00,477 - [INFO] - from play in play-internal-execution-context-15 
database [default] connected at jdbc:postgresql://localhost:5432/test

2015-02-27 16:43:00,481 - [INFO] - from play in play-internal-execution-context-15 
Application started (Dev)

2015-02-27 16:44:06,131 - [INFO] - from play in play-internal-execution-context-15 
database [default] connected at jdbc:postgresql://localhost:5432/test

2015-02-27 16:44:06,135 - [INFO] - from play in play-internal-execution-context-15 
Application started (Dev)

2015-02-27 16:45:23,372 - [INFO] - from play in play-internal-execution-context-15 
database [default] connected at jdbc:postgresql://localhost:5432/test

2015-02-27 16:45:23,376 - [INFO] - from play in play-internal-execution-context-15 
Application started (Dev)

2015-02-27 16:53:30,963 - [INFO] - from play in play-internal-execution-context-15 
database [default] connected at jdbc:postgresql://localhost:5432/test

2015-02-27 16:53:30,968 - [INFO] - from play in play-internal-execution-context-15 
Application started (Dev)

2015-02-27 16:54:25,438 - [INFO] - from play in play-internal-execution-context-15 
database [default] connected at jdbc:postgresql://localhost:5432/test

2015-02-27 16:54:25,443 - [INFO] - from play in play-internal-execution-context-15 
Application started (Dev)

2015-02-27 16:55:18,427 - [INFO] - from play in play-internal-execution-context-15 
database [default] connected at jdbc:postgresql://localhost:5432/test

2015-02-27 16:55:18,432 - [INFO] - from play in play-internal-execution-context-15 
Application started (Dev)

2015-02-27 16:55:30,191 - [INFO] - from play in play-internal-execution-context-15 
database [default] connected at jdbc:postgresql://localhost:5432/test

2015-02-27 16:55:30,197 - [INFO] - from play in play-internal-execution-context-15 
Application started (Dev)

2015-02-27 16:56:01,257 - [INFO] - from play in play-internal-execution-context-15 
database [default] connected at jdbc:postgresql://localhost:5432/test

2015-02-27 16:56:01,262 - [INFO] - from play in play-internal-execution-context-15 
Application started (Dev)

2015-02-27 17:01:44,084 - [INFO] - from play in play-internal-execution-context-15 
database [default] connected at jdbc:postgresql://localhost:5432/test

2015-02-27 17:01:44,089 - [INFO] - from play in play-internal-execution-context-15 
Application started (Dev)

2015-02-27 17:02:10,336 - [INFO] - from play in play-internal-execution-context-15 
database [default] connected at jdbc:postgresql://localhost:5432/test

2015-02-27 17:02:10,341 - [INFO] - from play in play-internal-execution-context-15 
Application started (Dev)

2015-02-27 17:02:26,899 - [INFO] - from play in play-internal-execution-context-15 
database [default] connected at jdbc:postgresql://localhost:5432/test

2015-02-27 17:02:26,906 - [INFO] - from play in play-internal-execution-context-15 
Application started (Dev)

2015-02-27 17:03:49,371 - [INFO] - from play in play-internal-execution-context-15 
database [default] connected at jdbc:postgresql://localhost:5432/test

2015-02-27 17:03:49,375 - [INFO] - from play in play-internal-execution-context-15 
Application started (Dev)

2015-02-27 17:04:30,644 - [INFO] - from play in play-internal-execution-context-15 
database [default] connected at jdbc:postgresql://localhost:5432/test

2015-02-27 17:04:30,648 - [INFO] - from play in play-internal-execution-context-15 
Application started (Dev)

2015-02-27 17:05:49,657 - [INFO] - from play in play-internal-execution-context-15 
database [default] connected at jdbc:postgresql://localhost:5432/test

2015-02-27 17:05:49,661 - [INFO] - from play in play-internal-execution-context-15 
Application started (Dev)

2015-02-27 17:07:15,802 - [INFO] - from play in play-internal-execution-context-15 
database [default] connected at jdbc:postgresql://localhost:5432/test

2015-02-27 17:07:15,810 - [INFO] - from play in play-internal-execution-context-15 
Application started (Dev)

2015-02-27 17:07:50,194 - [INFO] - from play in play-internal-execution-context-15 
database [default] connected at jdbc:postgresql://localhost:5432/test

2015-02-27 17:07:50,199 - [INFO] - from play in play-internal-execution-context-15 
Application started (Dev)

2015-02-27 17:08:34,803 - [INFO] - from play in play-internal-execution-context-15 
database [default] connected at jdbc:postgresql://localhost:5432/test

2015-02-27 17:08:34,807 - [INFO] - from play in play-internal-execution-context-15 
Application started (Dev)

2015-02-27 22:57:37,093 - [INFO] - from play in play-internal-execution-context-15 
database [default] connected at jdbc:postgresql://localhost:5432/test

2015-02-27 22:57:37,098 - [INFO] - from play in play-internal-execution-context-15 
Application started (Dev)

2015-02-27 22:59:45,683 - [INFO] - from play in play-internal-execution-context-15 
database [default] connected at jdbc:postgresql://localhost:5432/test

2015-02-27 22:59:45,691 - [INFO] - from play in play-internal-execution-context-15 
Application started (Dev)

2015-02-27 23:01:08,376 - [INFO] - from play in play-internal-execution-context-15 
database [default] connected at jdbc:postgresql://localhost:5432/test

2015-02-27 23:01:08,381 - [INFO] - from play in play-internal-execution-context-15 
Application started (Dev)

2015-02-27 23:06:26,864 - [INFO] - from play in play-internal-execution-context-23 
database [default] connected at jdbc:postgresql://localhost:5432/test

2015-02-27 23:06:26,868 - [INFO] - from play in play-internal-execution-context-23 
Application started (Dev)

2015-02-27 23:07:44,599 - [INFO] - from play in play-internal-execution-context-23 
database [default] connected at jdbc:postgresql://localhost:5432/test

2015-02-27 23:07:44,603 - [INFO] - from play in play-internal-execution-context-23 
Application started (Dev)

2015-02-27 23:08:08,272 - [INFO] - from play in play-internal-execution-context-23 
database [default] connected at jdbc:postgresql://localhost:5432/test

2015-02-27 23:08:08,276 - [INFO] - from play in play-internal-execution-context-23 
Application started (Dev)

2015-02-27 23:09:28,684 - [INFO] - from play in play-internal-execution-context-23 
database [default] connected at jdbc:postgresql://localhost:5432/test

2015-02-27 23:09:28,688 - [INFO] - from play in play-internal-execution-context-23 
Application started (Dev)

2015-02-27 23:16:22,396 - [INFO] - from play in play-internal-execution-context-23 
database [default] connected at jdbc:postgresql://localhost:5432/test

2015-02-27 23:16:22,402 - [INFO] - from play in play-internal-execution-context-23 
Application started (Dev)

2015-02-27 23:18:25,048 - [INFO] - from play in play-internal-execution-context-23 
database [default] connected at jdbc:postgresql://localhost:5432/test

2015-02-27 23:18:25,052 - [INFO] - from play in play-internal-execution-context-23 
Application started (Dev)

2015-02-27 23:19:19,856 - [INFO] - from play in play-internal-execution-context-23 
database [default] connected at jdbc:postgresql://localhost:5432/test

2015-02-27 23:19:19,860 - [INFO] - from play in play-internal-execution-context-23 
Application started (Dev)

2015-02-27 23:20:09,083 - [INFO] - from play in play-internal-execution-context-23 
database [default] connected at jdbc:postgresql://localhost:5432/test

2015-02-27 23:20:09,087 - [INFO] - from play in play-internal-execution-context-23 
Application started (Dev)

2015-02-27 23:20:25,612 - [INFO] - from play in play-internal-execution-context-23 
database [default] connected at jdbc:postgresql://localhost:5432/test

2015-02-27 23:20:25,617 - [INFO] - from play in play-internal-execution-context-23 
Application started (Dev)

2015-02-27 23:20:47,459 - [INFO] - from play in play-internal-execution-context-23 
database [default] connected at jdbc:postgresql://localhost:5432/test

2015-02-27 23:20:47,463 - [INFO] - from play in play-internal-execution-context-23 
Application started (Dev)

2015-02-27 23:21:16,476 - [INFO] - from play in play-internal-execution-context-23 
database [default] connected at jdbc:postgresql://localhost:5432/test

2015-02-27 23:21:16,480 - [INFO] - from play in play-internal-execution-context-23 
Application started (Dev)

2015-02-27 23:21:27,800 - [INFO] - from play in play-internal-execution-context-23 
database [default] connected at jdbc:postgresql://localhost:5432/test

2015-02-27 23:21:27,805 - [INFO] - from play in play-internal-execution-context-23 
Application started (Dev)

2015-02-27 23:22:05,360 - [INFO] - from play in play-internal-execution-context-23 
database [default] connected at jdbc:postgresql://localhost:5432/test

2015-02-27 23:22:05,365 - [INFO] - from play in play-internal-execution-context-23 
Application started (Dev)

2015-02-27 23:25:03,556 - [INFO] - from play in play-internal-execution-context-23 
database [default] connected at jdbc:postgresql://localhost:5432/test

2015-02-27 23:25:03,560 - [INFO] - from play in play-internal-execution-context-23 
Application started (Dev)

2015-02-27 23:25:39,882 - [INFO] - from play in play-internal-execution-context-23 
database [default] connected at jdbc:postgresql://localhost:5432/test

2015-02-27 23:25:39,888 - [INFO] - from play in play-internal-execution-context-23 
Application started (Dev)

2015-02-27 23:36:07,711 - [INFO] - from play in play-internal-execution-context-26 
database [default] connected at jdbc:postgresql://localhost:5432/test

2015-02-27 23:36:07,715 - [INFO] - from play in play-internal-execution-context-26 
Application started (Dev)

2015-02-27 23:39:15,755 - [INFO] - from play in play-internal-execution-context-26 
database [default] connected at jdbc:postgresql://localhost:5432/test

2015-02-27 23:39:15,759 - [INFO] - from play in play-internal-execution-context-26 
Application started (Dev)

2015-02-27 23:39:38,945 - [INFO] - from play in play-internal-execution-context-26 
database [default] connected at jdbc:postgresql://localhost:5432/test

2015-02-27 23:39:38,953 - [INFO] - from play in play-internal-execution-context-26 
Application started (Dev)

2015-02-27 23:39:46,364 - [INFO] - from play in play-internal-execution-context-26 
database [default] connected at jdbc:postgresql://localhost:5432/test

2015-02-27 23:39:46,369 - [INFO] - from play in play-internal-execution-context-26 
Application started (Dev)

2015-02-27 23:40:11,044 - [INFO] - from play in play-internal-execution-context-26 
database [default] connected at jdbc:postgresql://localhost:5432/test

2015-02-27 23:40:11,048 - [INFO] - from play in play-internal-execution-context-26 
Application started (Dev)

2015-02-27 23:40:29,234 - [INFO] - from play in play-internal-execution-context-26 
database [default] connected at jdbc:postgresql://localhost:5432/test

2015-02-27 23:40:29,239 - [INFO] - from play in play-internal-execution-context-26 
Application started (Dev)

2015-02-27 23:41:21,263 - [INFO] - from play in play-internal-execution-context-26 
database [default] connected at jdbc:postgresql://localhost:5432/test

2015-02-27 23:41:21,270 - [INFO] - from play in play-internal-execution-context-26 
Application started (Dev)

2015-02-27 23:42:43,937 - [INFO] - from play in play-internal-execution-context-26 
database [default] connected at jdbc:postgresql://localhost:5432/test

2015-02-27 23:42:43,941 - [INFO] - from play in play-internal-execution-context-26 
Application started (Dev)

